client/build/app/intermediates/manifest_merge_blame_file/debug/manifest-merger-blame-debug-report.txt
1<?xml version="1.0" encoding="utf-8"?>
2<manifest xmlns:android="http://schemas.android.com/apk/res/android"
3    package="com.example.flutter_dev"
4    android:versionCode="1"
5    android:versionName="1.0.0" >
6
7    <uses-sdk
8        android:minSdkVersion="21"
9        android:targetSdkVersion="33" />
10    <!--
11         The INTERNET permission is required for development. Specifically,
12         the Flutter tool needs it to communicate with the running application
13         to allow setting breakpoints, to provide hot reload, etc.
14    -->
15
16    <uses-permission android:name="android.permission.INTERNET" />
16-->src\debug\AndroidManifest.xml:8:5-66
16-->src\debug\AndroidManifest.xml:8:22-64
17    <uses-permission android:name="android.permission.RECORD_AUDIO" />
17-->src\debug\AndroidManifest.xml:9:5-70
17-->src\debug\AndroidManifest.xml:9:22-68
18    <uses-permission android:name="android.permission.FOREGROUND_SERVICE" />
18-->src\debug\AndroidManifest.xml:10:5-76
18-->src\debug\AndroidManifest.xml:10:22-74
19    <uses-permission android:name="android.permission.WRITE_EXTERNAL_STORAGE" />
19-->src\debug\AndroidManifest.xml:11:6-81
19-->src\debug\AndroidManifest.xml:11:23-79
20    <uses-permission android:name="android.permission.READ_EXTERNAL_STORAGE" />
20-->src\debug\AndroidManifest.xml:12:6-80
20-->src\debug\AndroidManifest.xml:12:23-78
21    <uses-permission android:name="android.permission.ACCESS_NETWORK_STATE" />
21-->src\debug\AndroidManifest.xml:13:6-80
21-->src\debug\AndroidManifest.xml:13:23-77
22
23    <queries>
23-->[:file_picker] AndroidManifest.xml:11:5-17:15
24        <intent>
24-->[:file_picker] AndroidManifest.xml:12:9-16:18
25            <action android:name="android.intent.action.GET_CONTENT" />
25-->[:file_picker] AndroidManifest.xml:13:13-72
25-->[:file_picker] AndroidManifest.xml:13:21-69
26
27            <data android:mimeType="*/*" />
27-->[:file_picker] AndroidManifest.xml:15:13-44
27-->[:file_picker] AndroidManifest.xml:15:19-41
28        </intent>
29        <intent>
29-->[androidx.media2:media2-session:1.2.0] AndroidManifest.xml:25:9-27:18
30            <action android:name="android.media.browse.MediaBrowserService" />
30-->[androidx.media2:media2-session:1.2.0] AndroidManifest.xml:26:13-79
30-->[androidx.media2:media2-session:1.2.0] AndroidManifest.xml:26:21-76
31        </intent>
32        <intent>
32-->[androidx.media2:media2-session:1.2.0] AndroidManifest.xml:28:9-30:18
33            <action android:name="androidx.media2.session.MediaSessionService" />
33-->[androidx.media2:media2-session:1.2.0] AndroidManifest.xml:29:13-82
33-->[androidx.media2:media2-session:1.2.0] AndroidManifest.xml:29:21-79
34        </intent>
35        <intent>
35-->[androidx.media2:media2-session:1.2.0] AndroidManifest.xml:31:9-33:18
36            <action android:name="androidx.media2.session.MediaLibraryService" />
36-->[androidx.media2:media2-session:1.2.0] AndroidManifest.xml:32:13-82
36-->[androidx.media2:media2-session:1.2.0] AndroidManifest.xml:32:21-79
37        </intent>
38    </queries>
39
40    <uses-permission android:name="android.permission.BLUETOOTH" />
40-->[com.github.canardoux:flutter_sound_core:8.5.0] AndroidManifest.xml:11:5-68
40-->[com.github.canardoux:flutter_sound_core:8.5.0] AndroidManifest.xml:11:22-65
41    <uses-permission android:name="android.permission.WAKE_LOCK" />
41-->[com.github.canardoux:flutter_sound_core:8.5.0] AndroidManifest.xml:12:5-68
41-->[com.github.canardoux:flutter_sound_core:8.5.0] AndroidManifest.xml:12:22-65
42    <uses-permission android:name="android.permission.MODIFY_AUDIO_SETTINGS" />
42-->[com.github.canardoux:flutter_sound_core:8.5.0] AndroidManifest.xml:13:5-80
42-->[com.github.canardoux:flutter_sound_core:8.5.0] AndroidManifest.xml:13:22-77
43
44    <application
45        android:name="android.app.Application"
46        android:appComponentFactory="androidx.core.app.CoreComponentFactory"
46-->[androidx.core:core:1.6.0] AndroidManifest.xml:24:18-86
47        android:debuggable="true"
48        android:icon="@mipmap/ic_launcher"
49        android:label="flutter_dev" >
50        <activity
51            android:name="com.example.flutter_dev.MainActivity"
52            android:configChanges="orientation|keyboardHidden|keyboard|screenSize|smallestScreenSize|locale|layoutDirection|fontScale|screenLayout|density|uiMode"
53            android:exported="true"
54            android:hardwareAccelerated="true"
55            android:launchMode="singleTop"
56            android:theme="@style/LaunchTheme"
57            android:windowSoftInputMode="adjustResize" >
58
59            <!--
60                 Specifies an Android theme to apply to this Activity as soon as
61                 the Android process has started. This theme is visible to the user
62                 while the Flutter UI initializes. After that, this theme continues
63                 to determine the Window background behind the Flutter UI.
64            -->
65            <meta-data
66                android:name="io.flutter.embedding.android.NormalTheme"
67                android:resource="@style/NormalTheme" />
68
69            <intent-filter>
70                <action android:name="android.intent.action.MAIN" />
71
72                <category android:name="android.intent.category.LAUNCHER" />
73            </intent-filter>
74        </activity>
75        <!--
76             Don't delete the meta-data below.
77             This is used by the Flutter tool to generate GeneratedPluginRegistrant.java
78        -->
79        <meta-data
80            android:name="flutterEmbedding"
81            android:value="2" />
82
83        <uses-library
83-->[androidx.window:window:1.0.0-beta04] AndroidManifest.xml:25:9-27:40
84            android:name="androidx.window.extensions"
84-->[androidx.window:window:1.0.0-beta04] AndroidManifest.xml:26:13-54
85            android:required="false" />
85-->[androidx.window:window:1.0.0-beta04] AndroidManifest.xml:27:13-37
86        <uses-library
86-->[androidx.window:window:1.0.0-beta04] AndroidManifest.xml:28:9-30:40
87            android:name="androidx.window.sidecar"
87-->[androidx.window:window:1.0.0-beta04] AndroidManifest.xml:29:13-51
88            android:required="false" />
88-->[androidx.window:window:1.0.0-beta04] AndroidManifest.xml:30:13-37
89
90        <receiver
90-->[com.github.canardoux:flutter_sound_core:8.5.0] AndroidManifest.xml:16:9-23:20
91            android:name="androidx.media.session.MediaButtonReceiver"
91-->[com.github.canardoux:flutter_sound_core:8.5.0] AndroidManifest.xml:17:13-70
92            android:exported="true" >
92-->[com.github.canardoux:flutter_sound_core:8.5.0] AndroidManifest.xml:18:13-36
93            <intent-filter>
93-->[com.github.canardoux:flutter_sound_core:8.5.0] AndroidManifest.xml:19:13-22:29
94                <action android:name="android.intent.action.MEDIA_BUTTON" />
94-->[com.github.canardoux:flutter_sound_core:8.5.0] AndroidManifest.xml:20:17-77
94-->[com.github.canardoux:flutter_sound_core:8.5.0] AndroidManifest.xml:20:25-74
95                <action android:name="android.media.AUDIO_BECOMING_NOISY" />
95-->[com.github.canardoux:flutter_sound_core:8.5.0] AndroidManifest.xml:21:17-77
95-->[com.github.canardoux:flutter_sound_core:8.5.0] AndroidManifest.xml:21:25-74
96            </intent-filter>
97        </receiver>
98
99        <service
99-->[com.github.canardoux:flutter_sound_core:8.5.0] AndroidManifest.xml:25:9-33:19
100            android:name="com.dooboolab.TauEngine.FlautoBackgroundAudioService"
100-->[com.github.canardoux:flutter_sound_core:8.5.0] AndroidManifest.xml:26:13-80
101            android:exported="true" >
101-->[com.github.canardoux:flutter_sound_core:8.5.0] AndroidManifest.xml:27:13-36
102            <intent-filter>
102-->[com.github.canardoux:flutter_sound_core:8.5.0] AndroidManifest.xml:28:13-32:29
103                <action android:name="android.intent.action.MEDIA_BUTTON" />
103-->[com.github.canardoux:flutter_sound_core:8.5.0] AndroidManifest.xml:20:17-77
103-->[com.github.canardoux:flutter_sound_core:8.5.0] AndroidManifest.xml:20:25-74
104                <action android:name="android.media.AUDIO_BECOMING_NOISY" />
104-->[com.github.canardoux:flutter_sound_core:8.5.0] AndroidManifest.xml:21:17-77
104-->[com.github.canardoux:flutter_sound_core:8.5.0] AndroidManifest.xml:21:25-74
105                <action android:name="android.media.browse.FlautoMediaBrowserService" />
105-->[com.github.canardoux:flutter_sound_core:8.5.0] AndroidManifest.xml:31:17-89
105-->[com.github.canardoux:flutter_sound_core:8.5.0] AndroidManifest.xml:31:25-86
106            </intent-filter>
107        </service>
108    </application>
109
110</manifest>